0 info it worked if it ends with ok
1 verbose cli [ '/usr/local/bin/node',
1 verbose cli   '/usr/local/bin/npm',
1 verbose cli   'run',
1 verbose cli   'react-dev' ]
2 info using npm@3.10.10
3 info using node@v6.10.2
4 verbose run-script [ 'prereact-dev', 'react-dev', 'postreact-dev' ]
5 info lifecycle github-fetcher-fullstack-v2@1.0.0~prereact-dev: github-fetcher-fullstack-v2@1.0.0
6 silly lifecycle github-fetcher-fullstack-v2@1.0.0~prereact-dev: no script for prereact-dev, continuing
7 info lifecycle github-fetcher-fullstack-v2@1.0.0~react-dev: github-fetcher-fullstack-v2@1.0.0
8 verbose lifecycle github-fetcher-fullstack-v2@1.0.0~react-dev: unsafe-perm in lifecycle true
9 verbose lifecycle github-fetcher-fullstack-v2@1.0.0~react-dev: PATH: /usr/local/lib/node_modules/npm/bin/node-gyp-bin:/Users/saikalk/EventPlanner/node_modules/.bin:/usr/local/bin:/usr/bin:/bin:/usr/sbin:/sbin:/opt/X11/bin
10 verbose lifecycle github-fetcher-fullstack-v2@1.0.0~react-dev: CWD: /Users/saikalk/EventPlanner
11 silly lifecycle github-fetcher-fullstack-v2@1.0.0~react-dev: Args: [ '-c', 'webpack -d --watch' ]
12 info lifecycle github-fetcher-fullstack-v2@1.0.0~react-dev: Failed to exec react-dev script
13 verbose stack Error: github-fetcher-fullstack-v2@1.0.0 react-dev: `webpack -d --watch`
13 verbose stack spawn ENOENT
13 verbose stack     at ChildProcess.<anonymous> (/usr/local/lib/node_modules/npm/lib/utils/spawn.js:33:16)
13 verbose stack     at emitTwo (events.js:106:13)
13 verbose stack     at ChildProcess.emit (events.js:191:7)
13 verbose stack     at maybeClose (internal/child_process.js:886:16)
13 verbose stack     at Process.ChildProcess._handle.onexit (internal/child_process.js:226:5)
14 verbose pkgid github-fetcher-fullstack-v2@1.0.0
15 verbose cwd /Users/saikalk/EventPlanner
16 error Darwin 14.5.0
17 error argv "/usr/local/bin/node" "/usr/local/bin/npm" "run" "react-dev"
18 error node v6.10.2
19 error npm  v3.10.10
20 error file sh
21 error code ELIFECYCLE
22 error errno ENOENT
23 error syscall spawn
24 error github-fetcher-fullstack-v2@1.0.0 react-dev: `webpack -d --watch`
24 error spawn ENOENT
25 error Failed at the github-fetcher-fullstack-v2@1.0.0 react-dev script 'webpack -d --watch'.
25 error Make sure you have the latest version of node.js and npm installed.
25 error If you do, this is most likely a problem with the github-fetcher-fullstack-v2 package,
25 error not with npm itself.
25 error Tell the author that this fails on your system:
25 error     webpack -d --watch
25 error You can get information on how to open an issue for this project with:
25 error     npm bugs github-fetcher-fullstack-v2
25 error Or if that isn't available, you can get their info via:
25 error     npm owner ls github-fetcher-fullstack-v2
25 error There is likely additional logging output above.
26 verbose exit [ 1, true ]
